[0.344s] Invoking command in '/home/tom/ros2_ws/build/my_py_pkg': PYTHONPATH=/home/tom/ros2_ws/build/my_py_pkg/prefix_override:/home/tom/ros2_ws/install/my_py_pkg/lib/python3.10/site-packages:${PYTHONPATH} /usr/bin/python3 setup.py develop --uninstall --editable --build-directory /home/tom/ros2_ws/build/my_py_pkg/build
[0.478s] running develop
[0.550s] Removing /home/tom/ros2_ws/install/my_py_pkg/lib/python3.10/site-packages/my-py-pkg.egg-link (link to .)
[0.567s] Invoked command in '/home/tom/ros2_ws/build/my_py_pkg' returned '0': PYTHONPATH=/home/tom/ros2_ws/build/my_py_pkg/prefix_override:/home/tom/ros2_ws/install/my_py_pkg/lib/python3.10/site-packages:${PYTHONPATH} /usr/bin/python3 setup.py develop --uninstall --editable --build-directory /home/tom/ros2_ws/build/my_py_pkg/build
[0.568s] Invoking command in '/home/tom/ros2_ws/src/my_py_pkg': PYTHONPATH=/home/tom/ros2_ws/build/my_py_pkg/prefix_override:/home/tom/ros2_ws/install/my_py_pkg/lib/python3.10/site-packages:${PYTHONPATH} /usr/bin/python3 setup.py egg_info --egg-base ../../build/my_py_pkg build --build-base /home/tom/ros2_ws/build/my_py_pkg/build install --record /home/tom/ros2_ws/build/my_py_pkg/install.log --single-version-externally-managed
[0.688s] running egg_info
[0.688s] writing ../../build/my_py_pkg/my_py_pkg.egg-info/PKG-INFO
[0.688s] writing dependency_links to ../../build/my_py_pkg/my_py_pkg.egg-info/dependency_links.txt
[0.689s] writing entry points to ../../build/my_py_pkg/my_py_pkg.egg-info/entry_points.txt
[0.689s] writing requirements to ../../build/my_py_pkg/my_py_pkg.egg-info/requires.txt
[0.689s] writing top-level names to ../../build/my_py_pkg/my_py_pkg.egg-info/top_level.txt
[0.690s] reading manifest file '../../build/my_py_pkg/my_py_pkg.egg-info/SOURCES.txt'
[0.691s] writing manifest file '../../build/my_py_pkg/my_py_pkg.egg-info/SOURCES.txt'
[0.691s] running build
[0.691s] running build_py
[0.692s] copying my_py_pkg/number_counter.py -> /home/tom/ros2_ws/build/my_py_pkg/build/lib/my_py_pkg
[0.692s] copying my_py_pkg/battery.py -> /home/tom/ros2_ws/build/my_py_pkg/build/lib/my_py_pkg
[0.693s] copying my_py_pkg/hw_status_publisher.py -> /home/tom/ros2_ws/build/my_py_pkg/build/lib/my_py_pkg
[0.693s] copying my_py_pkg/led_panel.py -> /home/tom/ros2_ws/build/my_py_pkg/build/lib/my_py_pkg
[0.693s] running install
[0.693s] running install_lib
[0.693s] creating /home/tom/ros2_ws/install/my_py_pkg/lib/python3.10/site-packages/my_py_pkg
[0.693s] copying /home/tom/ros2_ws/build/my_py_pkg/build/lib/my_py_pkg/number_counter.py -> /home/tom/ros2_ws/install/my_py_pkg/lib/python3.10/site-packages/my_py_pkg
[0.693s] copying /home/tom/ros2_ws/build/my_py_pkg/build/lib/my_py_pkg/add_two_ints_server.py -> /home/tom/ros2_ws/install/my_py_pkg/lib/python3.10/site-packages/my_py_pkg
[0.694s] copying /home/tom/ros2_ws/build/my_py_pkg/build/lib/my_py_pkg/number_publisher.py -> /home/tom/ros2_ws/install/my_py_pkg/lib/python3.10/site-packages/my_py_pkg
[0.694s] copying /home/tom/ros2_ws/build/my_py_pkg/build/lib/my_py_pkg/my_first_node.py -> /home/tom/ros2_ws/install/my_py_pkg/lib/python3.10/site-packages/my_py_pkg
[0.695s] copying /home/tom/ros2_ws/build/my_py_pkg/build/lib/my_py_pkg/add_two_ints_client_no_oop.py -> /home/tom/ros2_ws/install/my_py_pkg/lib/python3.10/site-packages/my_py_pkg
[0.695s] copying /home/tom/ros2_ws/build/my_py_pkg/build/lib/my_py_pkg/battery.py -> /home/tom/ros2_ws/install/my_py_pkg/lib/python3.10/site-packages/my_py_pkg
[0.695s] copying /home/tom/ros2_ws/build/my_py_pkg/build/lib/my_py_pkg/add_two_ints_client.py -> /home/tom/ros2_ws/install/my_py_pkg/lib/python3.10/site-packages/my_py_pkg
[0.695s] copying /home/tom/ros2_ws/build/my_py_pkg/build/lib/my_py_pkg/hw_status_publisher.py -> /home/tom/ros2_ws/install/my_py_pkg/lib/python3.10/site-packages/my_py_pkg
[0.695s] copying /home/tom/ros2_ws/build/my_py_pkg/build/lib/my_py_pkg/smartphone.py -> /home/tom/ros2_ws/install/my_py_pkg/lib/python3.10/site-packages/my_py_pkg
[0.695s] copying /home/tom/ros2_ws/build/my_py_pkg/build/lib/my_py_pkg/template_python_node.py -> /home/tom/ros2_ws/install/my_py_pkg/lib/python3.10/site-packages/my_py_pkg
[0.695s] copying /home/tom/ros2_ws/build/my_py_pkg/build/lib/my_py_pkg/led_panel.py -> /home/tom/ros2_ws/install/my_py_pkg/lib/python3.10/site-packages/my_py_pkg
[0.695s] copying /home/tom/ros2_ws/build/my_py_pkg/build/lib/my_py_pkg/__init__.py -> /home/tom/ros2_ws/install/my_py_pkg/lib/python3.10/site-packages/my_py_pkg
[0.695s] copying /home/tom/ros2_ws/build/my_py_pkg/build/lib/my_py_pkg/robot_news_station.py -> /home/tom/ros2_ws/install/my_py_pkg/lib/python3.10/site-packages/my_py_pkg
[0.696s] byte-compiling /home/tom/ros2_ws/install/my_py_pkg/lib/python3.10/site-packages/my_py_pkg/number_counter.py to number_counter.cpython-310.pyc
[0.696s] byte-compiling /home/tom/ros2_ws/install/my_py_pkg/lib/python3.10/site-packages/my_py_pkg/add_two_ints_server.py to add_two_ints_server.cpython-310.pyc
[0.696s] byte-compiling /home/tom/ros2_ws/install/my_py_pkg/lib/python3.10/site-packages/my_py_pkg/number_publisher.py to number_publisher.cpython-310.pyc
[0.696s] byte-compiling /home/tom/ros2_ws/install/my_py_pkg/lib/python3.10/site-packages/my_py_pkg/my_first_node.py to my_first_node.cpython-310.pyc
[0.696s] byte-compiling /home/tom/ros2_ws/install/my_py_pkg/lib/python3.10/site-packages/my_py_pkg/add_two_ints_client_no_oop.py to add_two_ints_client_no_oop.cpython-310.pyc
[0.697s] byte-compiling /home/tom/ros2_ws/install/my_py_pkg/lib/python3.10/site-packages/my_py_pkg/battery.py to battery.cpython-310.pyc
[0.697s] byte-compiling /home/tom/ros2_ws/install/my_py_pkg/lib/python3.10/site-packages/my_py_pkg/add_two_ints_client.py to add_two_ints_client.cpython-310.pyc
[0.697s] byte-compiling /home/tom/ros2_ws/install/my_py_pkg/lib/python3.10/site-packages/my_py_pkg/hw_status_publisher.py to hw_status_publisher.cpython-310.pyc
[0.697s] byte-compiling /home/tom/ros2_ws/install/my_py_pkg/lib/python3.10/site-packages/my_py_pkg/smartphone.py to smartphone.cpython-310.pyc
[0.697s] byte-compiling /home/tom/ros2_ws/install/my_py_pkg/lib/python3.10/site-packages/my_py_pkg/template_python_node.py to template_python_node.cpython-310.pyc
[0.698s] byte-compiling /home/tom/ros2_ws/install/my_py_pkg/lib/python3.10/site-packages/my_py_pkg/led_panel.py to led_panel.cpython-310.pyc
[0.698s] byte-compiling /home/tom/ros2_ws/install/my_py_pkg/lib/python3.10/site-packages/my_py_pkg/__init__.py to __init__.cpython-310.pyc
[0.698s] byte-compiling /home/tom/ros2_ws/install/my_py_pkg/lib/python3.10/site-packages/my_py_pkg/robot_news_station.py to robot_news_station.cpython-310.pyc
[0.698s] running install_data
[0.698s] running install_egg_info
[0.699s] Copying ../../build/my_py_pkg/my_py_pkg.egg-info to /home/tom/ros2_ws/install/my_py_pkg/lib/python3.10/site-packages/my_py_pkg-0.0.0-py3.10.egg-info
[0.700s] running install_scripts
[0.711s] Installing add_two_ints_client script to /home/tom/ros2_ws/install/my_py_pkg/lib/my_py_pkg
[0.711s] Installing add_two_ints_client_no_oop script to /home/tom/ros2_ws/install/my_py_pkg/lib/my_py_pkg
[0.711s] Installing add_two_ints_server script to /home/tom/ros2_ws/install/my_py_pkg/lib/my_py_pkg
[0.711s] Installing battery script to /home/tom/ros2_ws/install/my_py_pkg/lib/my_py_pkg
[0.711s] Installing hw_status_publisher script to /home/tom/ros2_ws/install/my_py_pkg/lib/my_py_pkg
[0.711s] Installing led_panel script to /home/tom/ros2_ws/install/my_py_pkg/lib/my_py_pkg
[0.711s] Installing number_counter script to /home/tom/ros2_ws/install/my_py_pkg/lib/my_py_pkg
[0.712s] Installing number_publisher script to /home/tom/ros2_ws/install/my_py_pkg/lib/my_py_pkg
[0.712s] Installing py_node script to /home/tom/ros2_ws/install/my_py_pkg/lib/my_py_pkg
[0.712s] Installing robot_news_station script to /home/tom/ros2_ws/install/my_py_pkg/lib/my_py_pkg
[0.712s] Installing smartphone script to /home/tom/ros2_ws/install/my_py_pkg/lib/my_py_pkg
[0.713s] writing list of installed files to '/home/tom/ros2_ws/build/my_py_pkg/install.log'
[0.727s] Invoked command in '/home/tom/ros2_ws/src/my_py_pkg' returned '0': PYTHONPATH=/home/tom/ros2_ws/build/my_py_pkg/prefix_override:/home/tom/ros2_ws/install/my_py_pkg/lib/python3.10/site-packages:${PYTHONPATH} /usr/bin/python3 setup.py egg_info --egg-base ../../build/my_py_pkg build --build-base /home/tom/ros2_ws/build/my_py_pkg/build install --record /home/tom/ros2_ws/build/my_py_pkg/install.log --single-version-externally-managed
