[0.366s] Invoking command in '/home/tom/ros2_ws/build/my_py_pkg': PYTHONPATH=/home/tom/ros2_ws/build/my_py_pkg/prefix_override:/home/tom/ros2_ws/install/my_py_pkg/lib/python3.10/site-packages:${PYTHONPATH} /usr/bin/python3 setup.py develop --uninstall --editable --build-directory /home/tom/ros2_ws/build/my_py_pkg/build
[0.501s] running develop
[0.573s] Removing /home/tom/ros2_ws/install/my_py_pkg/lib/python3.10/site-packages/my-py-pkg.egg-link (link to .)
[0.588s] Invoked command in '/home/tom/ros2_ws/build/my_py_pkg' returned '0': PYTHONPATH=/home/tom/ros2_ws/build/my_py_pkg/prefix_override:/home/tom/ros2_ws/install/my_py_pkg/lib/python3.10/site-packages:${PYTHONPATH} /usr/bin/python3 setup.py develop --uninstall --editable --build-directory /home/tom/ros2_ws/build/my_py_pkg/build
[0.590s] Invoking command in '/home/tom/ros2_ws/src/my_py_pkg': PYTHONPATH=/home/tom/ros2_ws/build/my_py_pkg/prefix_override:/home/tom/ros2_ws/install/my_py_pkg/lib/python3.10/site-packages:${PYTHONPATH} /usr/bin/python3 setup.py egg_info --egg-base ../../build/my_py_pkg build --build-base /home/tom/ros2_ws/build/my_py_pkg/build install --record /home/tom/ros2_ws/build/my_py_pkg/install.log --single-version-externally-managed
[0.708s] running egg_info
[0.709s] writing ../../build/my_py_pkg/my_py_pkg.egg-info/PKG-INFO
[0.709s] writing dependency_links to ../../build/my_py_pkg/my_py_pkg.egg-info/dependency_links.txt
[0.709s] writing entry points to ../../build/my_py_pkg/my_py_pkg.egg-info/entry_points.txt
[0.709s] writing requirements to ../../build/my_py_pkg/my_py_pkg.egg-info/requires.txt
[0.709s] writing top-level names to ../../build/my_py_pkg/my_py_pkg.egg-info/top_level.txt
[0.710s] reading manifest file '../../build/my_py_pkg/my_py_pkg.egg-info/SOURCES.txt'
[0.711s] writing manifest file '../../build/my_py_pkg/my_py_pkg.egg-info/SOURCES.txt'
[0.711s] running build
[0.711s] running build_py
[0.712s] copying my_py_pkg/number_counter.py -> /home/tom/ros2_ws/build/my_py_pkg/build/lib/my_py_pkg
[0.712s] copying my_py_pkg/add_two_ints_server.py -> /home/tom/ros2_ws/build/my_py_pkg/build/lib/my_py_pkg
[0.713s] copying my_py_pkg/add_two_ints_client_no_oop.py -> /home/tom/ros2_ws/build/my_py_pkg/build/lib/my_py_pkg
[0.713s] copying my_py_pkg/add_two_ints_client.py -> /home/tom/ros2_ws/build/my_py_pkg/build/lib/my_py_pkg
[0.713s] running install
[0.713s] running install_lib
[0.713s] creating /home/tom/ros2_ws/install/my_py_pkg/lib/python3.10/site-packages/my_py_pkg
[0.713s] copying /home/tom/ros2_ws/build/my_py_pkg/build/lib/my_py_pkg/number_counter.py -> /home/tom/ros2_ws/install/my_py_pkg/lib/python3.10/site-packages/my_py_pkg
[0.713s] copying /home/tom/ros2_ws/build/my_py_pkg/build/lib/my_py_pkg/add_two_ints_server.py -> /home/tom/ros2_ws/install/my_py_pkg/lib/python3.10/site-packages/my_py_pkg
[0.714s] copying /home/tom/ros2_ws/build/my_py_pkg/build/lib/my_py_pkg/number_publisher.py -> /home/tom/ros2_ws/install/my_py_pkg/lib/python3.10/site-packages/my_py_pkg
[0.714s] copying /home/tom/ros2_ws/build/my_py_pkg/build/lib/my_py_pkg/my_first_node.py -> /home/tom/ros2_ws/install/my_py_pkg/lib/python3.10/site-packages/my_py_pkg
[0.714s] copying /home/tom/ros2_ws/build/my_py_pkg/build/lib/my_py_pkg/add_two_ints_client_no_oop.py -> /home/tom/ros2_ws/install/my_py_pkg/lib/python3.10/site-packages/my_py_pkg
[0.714s] copying /home/tom/ros2_ws/build/my_py_pkg/build/lib/my_py_pkg/add_two_ints_client.py -> /home/tom/ros2_ws/install/my_py_pkg/lib/python3.10/site-packages/my_py_pkg
[0.714s] copying /home/tom/ros2_ws/build/my_py_pkg/build/lib/my_py_pkg/smartphone.py -> /home/tom/ros2_ws/install/my_py_pkg/lib/python3.10/site-packages/my_py_pkg
[0.715s] copying /home/tom/ros2_ws/build/my_py_pkg/build/lib/my_py_pkg/template_python_node.py -> /home/tom/ros2_ws/install/my_py_pkg/lib/python3.10/site-packages/my_py_pkg
[0.715s] copying /home/tom/ros2_ws/build/my_py_pkg/build/lib/my_py_pkg/__init__.py -> /home/tom/ros2_ws/install/my_py_pkg/lib/python3.10/site-packages/my_py_pkg
[0.715s] copying /home/tom/ros2_ws/build/my_py_pkg/build/lib/my_py_pkg/robot_news_station.py -> /home/tom/ros2_ws/install/my_py_pkg/lib/python3.10/site-packages/my_py_pkg
[0.715s] byte-compiling /home/tom/ros2_ws/install/my_py_pkg/lib/python3.10/site-packages/my_py_pkg/number_counter.py to number_counter.cpython-310.pyc
[0.715s] byte-compiling /home/tom/ros2_ws/install/my_py_pkg/lib/python3.10/site-packages/my_py_pkg/add_two_ints_server.py to add_two_ints_server.cpython-310.pyc
[0.716s] byte-compiling /home/tom/ros2_ws/install/my_py_pkg/lib/python3.10/site-packages/my_py_pkg/number_publisher.py to number_publisher.cpython-310.pyc
[0.716s] byte-compiling /home/tom/ros2_ws/install/my_py_pkg/lib/python3.10/site-packages/my_py_pkg/my_first_node.py to my_first_node.cpython-310.pyc
[0.716s] byte-compiling /home/tom/ros2_ws/install/my_py_pkg/lib/python3.10/site-packages/my_py_pkg/add_two_ints_client_no_oop.py to add_two_ints_client_no_oop.cpython-310.pyc
[0.716s] byte-compiling /home/tom/ros2_ws/install/my_py_pkg/lib/python3.10/site-packages/my_py_pkg/add_two_ints_client.py to add_two_ints_client.cpython-310.pyc
[0.717s] byte-compiling /home/tom/ros2_ws/install/my_py_pkg/lib/python3.10/site-packages/my_py_pkg/smartphone.py to smartphone.cpython-310.pyc
[0.717s] byte-compiling /home/tom/ros2_ws/install/my_py_pkg/lib/python3.10/site-packages/my_py_pkg/template_python_node.py to template_python_node.cpython-310.pyc
[0.717s] byte-compiling /home/tom/ros2_ws/install/my_py_pkg/lib/python3.10/site-packages/my_py_pkg/__init__.py to __init__.cpython-310.pyc
[0.717s] byte-compiling /home/tom/ros2_ws/install/my_py_pkg/lib/python3.10/site-packages/my_py_pkg/robot_news_station.py to robot_news_station.cpython-310.pyc
[0.717s] running install_data
[0.717s] running install_egg_info
[0.718s] Copying ../../build/my_py_pkg/my_py_pkg.egg-info to /home/tom/ros2_ws/install/my_py_pkg/lib/python3.10/site-packages/my_py_pkg-0.0.0-py3.10.egg-info
[0.719s] running install_scripts
[0.729s] Installing add_two_ints_client script to /home/tom/ros2_ws/install/my_py_pkg/lib/my_py_pkg
[0.729s] Installing add_two_ints_client_no_oop script to /home/tom/ros2_ws/install/my_py_pkg/lib/my_py_pkg
[0.729s] Installing add_two_ints_server script to /home/tom/ros2_ws/install/my_py_pkg/lib/my_py_pkg
[0.729s] Installing number_counter script to /home/tom/ros2_ws/install/my_py_pkg/lib/my_py_pkg
[0.729s] Installing number_publisher script to /home/tom/ros2_ws/install/my_py_pkg/lib/my_py_pkg
[0.730s] Installing py_node script to /home/tom/ros2_ws/install/my_py_pkg/lib/my_py_pkg
[0.730s] Installing robot_news_station script to /home/tom/ros2_ws/install/my_py_pkg/lib/my_py_pkg
[0.730s] Installing smartphone script to /home/tom/ros2_ws/install/my_py_pkg/lib/my_py_pkg
[0.730s] writing list of installed files to '/home/tom/ros2_ws/build/my_py_pkg/install.log'
[0.745s] Invoked command in '/home/tom/ros2_ws/src/my_py_pkg' returned '0': PYTHONPATH=/home/tom/ros2_ws/build/my_py_pkg/prefix_override:/home/tom/ros2_ws/install/my_py_pkg/lib/python3.10/site-packages:${PYTHONPATH} /usr/bin/python3 setup.py egg_info --egg-base ../../build/my_py_pkg build --build-base /home/tom/ros2_ws/build/my_py_pkg/build install --record /home/tom/ros2_ws/build/my_py_pkg/install.log --single-version-externally-managed
