[0.009s] Invoking command in '/home/tom/ros2_ws/build/my_cpp_pkg': CMAKE_PREFIX_PATH=/home/tom/ros2_ws/install/my_py_pkg:/opt/ros/humble /usr/bin/cmake --build /home/tom/ros2_ws/build/my_cpp_pkg -- -j4 -l4
[0.034s] -- Found ament_cmake: 1.3.4 (/opt/ros/humble/share/ament_cmake/cmake)
[0.130s] -- Found rclcpp: 16.0.4 (/opt/ros/humble/share/rclcpp/cmake)
[0.150s] -- Found rosidl_generator_c: 3.1.4 (/opt/ros/humble/share/rosidl_generator_c/cmake)
[0.152s] -- Found rosidl_adapter: 3.1.4 (/opt/ros/humble/share/rosidl_adapter/cmake)
[0.156s] -- Found rosidl_generator_cpp: 3.1.4 (/opt/ros/humble/share/rosidl_generator_cpp/cmake)
[0.163s] -- Using all available rosidl_typesupport_c: rosidl_typesupport_fastrtps_c;rosidl_typesupport_introspection_c
[0.173s] -- Using all available rosidl_typesupport_cpp: rosidl_typesupport_fastrtps_cpp;rosidl_typesupport_introspection_cpp
[0.214s] -- Found rmw_implementation_cmake: 6.1.1 (/opt/ros/humble/share/rmw_implementation_cmake/cmake)
[0.215s] -- Found rmw_fastrtps_cpp: 6.2.2 (/opt/ros/humble/share/rmw_fastrtps_cpp/cmake)
[0.299s] -- Using RMW implementation 'rmw_fastrtps_cpp' as default
[0.428s] [31mCMake Error at CMakeLists.txt:11 (find_package):
[0.428s]   By not providing "Findrclcpp_component.cmake" in CMAKE_MODULE_PATH this
[0.428s]   project has asked CMake to find a package configuration file provided by
[0.428s]   "rclcpp_component", but CMake did not find one.
[0.428s] 
[0.428s]   Could not find a package configuration file provided by "rclcpp_component"
[0.428s]   with any of the following names:
[0.428s] 
[0.428s]     rclcpp_componentConfig.cmake
[0.429s]     rclcpp_component-config.cmake
[0.429s] 
[0.429s]   Add the installation prefix of "rclcpp_component" to CMAKE_PREFIX_PATH or
[0.429s]   set "rclcpp_component_DIR" to a directory containing one of the above
[0.429s]   files.  If "rclcpp_component" provides a separate development package or
[0.429s]   SDK, be sure it has been installed.
[0.429s] 
[0.429s] [0m
[0.429s] -- Configuring incomplete, errors occurred!
[0.429s] See also "/home/tom/ros2_ws/build/my_cpp_pkg/CMakeFiles/CMakeOutput.log".
[0.432s] gmake: *** [Makefile:267: cmake_check_build_system] Error 1
[0.436s] Invoked command in '/home/tom/ros2_ws/build/my_cpp_pkg' returned '2': CMAKE_PREFIX_PATH=/home/tom/ros2_ws/install/my_py_pkg:/opt/ros/humble /usr/bin/cmake --build /home/tom/ros2_ws/build/my_cpp_pkg -- -j4 -l4
