[0.007s] Invoking command in '/home/tom/ros2_ws/build/my_cpp_pkg': CMAKE_PREFIX_PATH=${CMAKE_PREFIX_PATH}:/home/tom/ros2_ws/install/my_py_pkg:/opt/ros/humble /usr/bin/cmake --build /home/tom/ros2_ws/build/my_cpp_pkg -- -j4 -l4
[0.062s] [35m[1mConsolidate compiler generated dependencies of target cpp_node[0m
[0.076s] [ 50%] [32mBuilding CXX object CMakeFiles/cpp_node.dir/src/my_first_node.cpp.o[0m
[2.117s] [100%] [32m[1mLinking CXX executable cpp_node[0m
[2.198s] [100%] Built target cpp_node
[2.207s] Invoked command in '/home/tom/ros2_ws/build/my_cpp_pkg' returned '0': CMAKE_PREFIX_PATH=${CMAKE_PREFIX_PATH}:/home/tom/ros2_ws/install/my_py_pkg:/opt/ros/humble /usr/bin/cmake --build /home/tom/ros2_ws/build/my_cpp_pkg -- -j4 -l4
[2.239s] Invoking command in '/home/tom/ros2_ws/build/my_cpp_pkg': CMAKE_PREFIX_PATH=${CMAKE_PREFIX_PATH}:/home/tom/ros2_ws/install/my_py_pkg:/opt/ros/humble /usr/bin/cmake --install /home/tom/ros2_ws/build/my_cpp_pkg
[2.247s] -- Install configuration: ""
[2.247s] -- Installing: /home/tom/ros2_ws/install/my_cpp_pkg/lib/my_cpp_pkg/cpp_node
[2.247s] -- Set runtime path of "/home/tom/ros2_ws/install/my_cpp_pkg/lib/my_cpp_pkg/cpp_node" to ""
[2.247s] -- Up-to-date: /home/tom/ros2_ws/install/my_cpp_pkg/share/ament_index/resource_index/package_run_dependencies/my_cpp_pkg
[2.247s] -- Up-to-date: /home/tom/ros2_ws/install/my_cpp_pkg/share/ament_index/resource_index/parent_prefix_path/my_cpp_pkg
[2.247s] -- Up-to-date: /home/tom/ros2_ws/install/my_cpp_pkg/share/my_cpp_pkg/environment/ament_prefix_path.sh
[2.248s] -- Up-to-date: /home/tom/ros2_ws/install/my_cpp_pkg/share/my_cpp_pkg/environment/ament_prefix_path.dsv
[2.248s] -- Up-to-date: /home/tom/ros2_ws/install/my_cpp_pkg/share/my_cpp_pkg/environment/path.sh
[2.248s] -- Up-to-date: /home/tom/ros2_ws/install/my_cpp_pkg/share/my_cpp_pkg/environment/path.dsv
[2.248s] -- Up-to-date: /home/tom/ros2_ws/install/my_cpp_pkg/share/my_cpp_pkg/local_setup.bash
[2.248s] -- Up-to-date: /home/tom/ros2_ws/install/my_cpp_pkg/share/my_cpp_pkg/local_setup.sh
[2.248s] -- Up-to-date: /home/tom/ros2_ws/install/my_cpp_pkg/share/my_cpp_pkg/local_setup.zsh
[2.248s] -- Up-to-date: /home/tom/ros2_ws/install/my_cpp_pkg/share/my_cpp_pkg/local_setup.dsv
[2.248s] -- Installing: /home/tom/ros2_ws/install/my_cpp_pkg/share/my_cpp_pkg/package.dsv
[2.249s] -- Up-to-date: /home/tom/ros2_ws/install/my_cpp_pkg/share/ament_index/resource_index/packages/my_cpp_pkg
[2.249s] -- Up-to-date: /home/tom/ros2_ws/install/my_cpp_pkg/share/my_cpp_pkg/cmake/my_cpp_pkgConfig.cmake
[2.249s] -- Up-to-date: /home/tom/ros2_ws/install/my_cpp_pkg/share/my_cpp_pkg/cmake/my_cpp_pkgConfig-version.cmake
[2.249s] -- Up-to-date: /home/tom/ros2_ws/install/my_cpp_pkg/share/my_cpp_pkg/package.xml
[2.251s] Invoked command in '/home/tom/ros2_ws/build/my_cpp_pkg' returned '0': CMAKE_PREFIX_PATH=${CMAKE_PREFIX_PATH}:/home/tom/ros2_ws/install/my_py_pkg:/opt/ros/humble /usr/bin/cmake --install /home/tom/ros2_ws/build/my_cpp_pkg
