[0.341s] Invoking command in '/home/tom/ros2_ws/build/my_py_pkg': PYTHONPATH=/home/tom/ros2_ws/build/my_py_pkg/prefix_override:/home/tom/ros2_ws/install/my_py_pkg/lib/python3.10/site-packages:${PYTHONPATH} /usr/bin/python3 setup.py develop --editable --build-directory /home/tom/ros2_ws/build/my_py_pkg/build --no-deps install_data
[0.472s] running develop
[0.543s] running egg_info
[0.543s] writing my_py_pkg.egg-info/PKG-INFO
[0.543s] writing dependency_links to my_py_pkg.egg-info/dependency_links.txt
[0.543s] writing entry points to my_py_pkg.egg-info/entry_points.txt
[0.543s] writing requirements to my_py_pkg.egg-info/requires.txt
[0.543s] writing top-level names to my_py_pkg.egg-info/top_level.txt
[0.544s] reading manifest file 'my_py_pkg.egg-info/SOURCES.txt'
[0.545s] writing manifest file 'my_py_pkg.egg-info/SOURCES.txt'
[0.546s] running build_ext
[0.546s] Creating /home/tom/ros2_ws/install/my_py_pkg/lib/python3.10/site-packages/my-py-pkg.egg-link (link to .)
[0.546s] Installing add_two_ints_client script to /home/tom/ros2_ws/install/my_py_pkg/lib/my_py_pkg
[0.546s] Installing add_two_ints_client_no_oop script to /home/tom/ros2_ws/install/my_py_pkg/lib/my_py_pkg
[0.546s] Installing add_two_ints_server script to /home/tom/ros2_ws/install/my_py_pkg/lib/my_py_pkg
[0.547s] Installing hw_status_publisher script to /home/tom/ros2_ws/install/my_py_pkg/lib/my_py_pkg
[0.547s] Installing led_panel script to /home/tom/ros2_ws/install/my_py_pkg/lib/my_py_pkg
[0.547s] Installing number_counter script to /home/tom/ros2_ws/install/my_py_pkg/lib/my_py_pkg
[0.547s] Installing number_publisher script to /home/tom/ros2_ws/install/my_py_pkg/lib/my_py_pkg
[0.547s] Installing py_node script to /home/tom/ros2_ws/install/my_py_pkg/lib/my_py_pkg
[0.547s] Installing robot_news_station script to /home/tom/ros2_ws/install/my_py_pkg/lib/my_py_pkg
[0.547s] Installing smartphone script to /home/tom/ros2_ws/install/my_py_pkg/lib/my_py_pkg
[0.547s] 
[0.547s] Installed /home/tom/ros2_ws/build/my_py_pkg
[0.547s] running install_data
[0.564s] Invoked command in '/home/tom/ros2_ws/build/my_py_pkg' returned '0': PYTHONPATH=/home/tom/ros2_ws/build/my_py_pkg/prefix_override:/home/tom/ros2_ws/install/my_py_pkg/lib/python3.10/site-packages:${PYTHONPATH} /usr/bin/python3 setup.py develop --editable --build-directory /home/tom/ros2_ws/build/my_py_pkg/build --no-deps install_data
