[0.338s] Invoking command in '/home/tom/ros2_ws/src/my_py_pkg': PYTHONPATH=/home/tom/ros2_ws/build/my_py_pkg/prefix_override:/home/tom/ros2_ws/install/my_py_pkg/lib/python3.10/site-packages:${PYTHONPATH} /usr/bin/python3 setup.py egg_info --egg-base ../../build/my_py_pkg build --build-base /home/tom/ros2_ws/build/my_py_pkg/build install --record /home/tom/ros2_ws/build/my_py_pkg/install.log --single-version-externally-managed
[0.457s] running egg_info
[0.458s] writing ../../build/my_py_pkg/my_py_pkg.egg-info/PKG-INFO
[0.458s] writing dependency_links to ../../build/my_py_pkg/my_py_pkg.egg-info/dependency_links.txt
[0.458s] writing entry points to ../../build/my_py_pkg/my_py_pkg.egg-info/entry_points.txt
[0.458s] writing requirements to ../../build/my_py_pkg/my_py_pkg.egg-info/requires.txt
[0.458s] writing top-level names to ../../build/my_py_pkg/my_py_pkg.egg-info/top_level.txt
[0.460s] reading manifest file '../../build/my_py_pkg/my_py_pkg.egg-info/SOURCES.txt'
[0.460s] writing manifest file '../../build/my_py_pkg/my_py_pkg.egg-info/SOURCES.txt'
[0.460s] running build
[0.460s] running build_py
[0.460s] copying my_py_pkg/my_first_node.py -> /home/tom/ros2_ws/build/my_py_pkg/build/lib/my_py_pkg
[0.461s] running install
[0.461s] running install_lib
[0.461s] copying /home/tom/ros2_ws/build/my_py_pkg/build/lib/my_py_pkg/my_first_node.py -> /home/tom/ros2_ws/install/my_py_pkg/lib/python3.10/site-packages/my_py_pkg
[0.461s] byte-compiling /home/tom/ros2_ws/install/my_py_pkg/lib/python3.10/site-packages/my_py_pkg/my_first_node.py to my_first_node.cpython-310.pyc
[0.462s] running install_data
[0.462s] running install_egg_info
[0.463s] removing '/home/tom/ros2_ws/install/my_py_pkg/lib/python3.10/site-packages/my_py_pkg-0.0.0-py3.10.egg-info' (and everything under it)
[0.463s] Copying ../../build/my_py_pkg/my_py_pkg.egg-info to /home/tom/ros2_ws/install/my_py_pkg/lib/python3.10/site-packages/my_py_pkg-0.0.0-py3.10.egg-info
[0.464s] running install_scripts
[0.474s] Installing py_node script to /home/tom/ros2_ws/install/my_py_pkg/lib/my_py_pkg
[0.474s] writing list of installed files to '/home/tom/ros2_ws/build/my_py_pkg/install.log'
[0.488s] Invoked command in '/home/tom/ros2_ws/src/my_py_pkg' returned '0': PYTHONPATH=/home/tom/ros2_ws/build/my_py_pkg/prefix_override:/home/tom/ros2_ws/install/my_py_pkg/lib/python3.10/site-packages:${PYTHONPATH} /usr/bin/python3 setup.py egg_info --egg-base ../../build/my_py_pkg build --build-base /home/tom/ros2_ws/build/my_py_pkg/build install --record /home/tom/ros2_ws/build/my_py_pkg/install.log --single-version-externally-managed
