[0.311s] Invoking command in '/home/tom/ros2_ws/src/my_py_pkg': PYTHONPATH=/home/tom/ros2_ws/build/my_py_pkg/prefix_override:/home/tom/ros2_ws/install/my_py_pkg/lib/python3.10/site-packages:${PYTHONPATH} /usr/bin/python3 setup.py egg_info --egg-base ../../build/my_py_pkg build --build-base /home/tom/ros2_ws/build/my_py_pkg/build install --record /home/tom/ros2_ws/build/my_py_pkg/install.log --single-version-externally-managed
[0.420s] running egg_info
[0.420s] creating ../../build/my_py_pkg/my_py_pkg.egg-info
[0.420s] writing ../../build/my_py_pkg/my_py_pkg.egg-info/PKG-INFO
[0.420s] writing dependency_links to ../../build/my_py_pkg/my_py_pkg.egg-info/dependency_links.txt
[0.421s] writing entry points to ../../build/my_py_pkg/my_py_pkg.egg-info/entry_points.txt
[0.421s] writing requirements to ../../build/my_py_pkg/my_py_pkg.egg-info/requires.txt
[0.421s] writing top-level names to ../../build/my_py_pkg/my_py_pkg.egg-info/top_level.txt
[0.421s] writing manifest file '../../build/my_py_pkg/my_py_pkg.egg-info/SOURCES.txt'
[0.421s] reading manifest file '../../build/my_py_pkg/my_py_pkg.egg-info/SOURCES.txt'
[0.422s] writing manifest file '../../build/my_py_pkg/my_py_pkg.egg-info/SOURCES.txt'
[0.422s] running build
[0.422s] running build_py
[0.422s] creating /home/tom/ros2_ws/build/my_py_pkg/build
[0.422s] creating /home/tom/ros2_ws/build/my_py_pkg/build/lib
[0.422s] creating /home/tom/ros2_ws/build/my_py_pkg/build/lib/my_py_pkg
[0.422s] copying my_py_pkg/__init__.py -> /home/tom/ros2_ws/build/my_py_pkg/build/lib/my_py_pkg
[0.422s] running install
[0.424s] /usr/lib/python3/dist-packages/setuptools/command/install.py:34: SetuptoolsDeprecationWarning: setup.py install is deprecated. Use build and pip and other standards-based tools.
[0.424s]   warnings.warn(
[0.424s] running install_lib
[0.424s] creating /home/tom/ros2_ws/install/my_py_pkg/lib/python3.10/site-packages/my_py_pkg
[0.424s] copying /home/tom/ros2_ws/build/my_py_pkg/build/lib/my_py_pkg/__init__.py -> /home/tom/ros2_ws/install/my_py_pkg/lib/python3.10/site-packages/my_py_pkg
[0.424s] byte-compiling /home/tom/ros2_ws/install/my_py_pkg/lib/python3.10/site-packages/my_py_pkg/__init__.py to __init__.cpython-310.pyc
[0.425s] running install_data
[0.425s] creating /home/tom/ros2_ws/install/my_py_pkg/share/ament_index
[0.425s] creating /home/tom/ros2_ws/install/my_py_pkg/share/ament_index/resource_index
[0.425s] creating /home/tom/ros2_ws/install/my_py_pkg/share/ament_index/resource_index/packages
[0.425s] copying resource/my_py_pkg -> /home/tom/ros2_ws/install/my_py_pkg/share/ament_index/resource_index/packages
[0.425s] copying package.xml -> /home/tom/ros2_ws/install/my_py_pkg/share/my_py_pkg
[0.425s] running install_egg_info
[0.426s] Copying ../../build/my_py_pkg/my_py_pkg.egg-info to /home/tom/ros2_ws/install/my_py_pkg/lib/python3.10/site-packages/my_py_pkg-0.0.0-py3.10.egg-info
[0.426s] running install_scripts
[0.437s] writing list of installed files to '/home/tom/ros2_ws/build/my_py_pkg/install.log'
[0.453s] Invoked command in '/home/tom/ros2_ws/src/my_py_pkg' returned '0': PYTHONPATH=/home/tom/ros2_ws/build/my_py_pkg/prefix_override:/home/tom/ros2_ws/install/my_py_pkg/lib/python3.10/site-packages:${PYTHONPATH} /usr/bin/python3 setup.py egg_info --egg-base ../../build/my_py_pkg build --build-base /home/tom/ros2_ws/build/my_py_pkg/build install --record /home/tom/ros2_ws/build/my_py_pkg/install.log --single-version-externally-managed
