[0.014s] Invoking command in '/home/tom/ros2_ws/build/my_cpp_pkg': CMAKE_PREFIX_PATH=${CMAKE_PREFIX_PATH}:/home/tom/ros2_ws/install/my_py_pkg:/opt/ros/humble /usr/bin/cmake --build /home/tom/ros2_ws/build/my_cpp_pkg -- -j4 -l4
[0.072s] [35m[1mConsolidate compiler generated dependencies of target cpp_node[0m
[0.085s] [ 50%] [32mBuilding CXX object CMakeFiles/cpp_node.dir/src/my_first_node.cpp.o[0m
[2.159s] [100%] [32m[1mLinking CXX executable cpp_node[0m
[2.232s] [100%] Built target cpp_node
[2.245s] Invoked command in '/home/tom/ros2_ws/build/my_cpp_pkg' returned '0': CMAKE_PREFIX_PATH=${CMAKE_PREFIX_PATH}:/home/tom/ros2_ws/install/my_py_pkg:/opt/ros/humble /usr/bin/cmake --build /home/tom/ros2_ws/build/my_cpp_pkg -- -j4 -l4
[2.278s] Invoking command in '/home/tom/ros2_ws/build/my_cpp_pkg': CMAKE_PREFIX_PATH=${CMAKE_PREFIX_PATH}:/home/tom/ros2_ws/install/my_py_pkg:/opt/ros/humble /usr/bin/cmake --install /home/tom/ros2_ws/build/my_cpp_pkg
[2.284s] -- Install configuration: ""
[2.284s] -- Installing: /home/tom/ros2_ws/install/my_cpp_pkg/lib/my_cpp_pkg/cpp_node
[2.285s] -- Set runtime path of "/home/tom/ros2_ws/install/my_cpp_pkg/lib/my_cpp_pkg/cpp_node" to ""
[2.285s] -- Up-to-date: /home/tom/ros2_ws/install/my_cpp_pkg/share/ament_index/resource_index/package_run_dependencies/my_cpp_pkg
[2.285s] -- Up-to-date: /home/tom/ros2_ws/install/my_cpp_pkg/share/ament_index/resource_index/parent_prefix_path/my_cpp_pkg
[2.285s] -- Up-to-date: /home/tom/ros2_ws/install/my_cpp_pkg/share/my_cpp_pkg/environment/ament_prefix_path.sh
[2.285s] -- Up-to-date: /home/tom/ros2_ws/install/my_cpp_pkg/share/my_cpp_pkg/environment/ament_prefix_path.dsv
[2.285s] -- Up-to-date: /home/tom/ros2_ws/install/my_cpp_pkg/share/my_cpp_pkg/environment/path.sh
[2.285s] -- Up-to-date: /home/tom/ros2_ws/install/my_cpp_pkg/share/my_cpp_pkg/environment/path.dsv
[2.285s] -- Up-to-date: /home/tom/ros2_ws/install/my_cpp_pkg/share/my_cpp_pkg/local_setup.bash
[2.286s] -- Up-to-date: /home/tom/ros2_ws/install/my_cpp_pkg/share/my_cpp_pkg/local_setup.sh
[2.286s] -- Up-to-date: /home/tom/ros2_ws/install/my_cpp_pkg/share/my_cpp_pkg/local_setup.zsh
[2.286s] -- Up-to-date: /home/tom/ros2_ws/install/my_cpp_pkg/share/my_cpp_pkg/local_setup.dsv
[2.286s] -- Installing: /home/tom/ros2_ws/install/my_cpp_pkg/share/my_cpp_pkg/package.dsv
[2.286s] -- Up-to-date: /home/tom/ros2_ws/install/my_cpp_pkg/share/ament_index/resource_index/packages/my_cpp_pkg
[2.286s] -- Up-to-date: /home/tom/ros2_ws/install/my_cpp_pkg/share/my_cpp_pkg/cmake/my_cpp_pkgConfig.cmake
[2.286s] -- Up-to-date: /home/tom/ros2_ws/install/my_cpp_pkg/share/my_cpp_pkg/cmake/my_cpp_pkgConfig-version.cmake
[2.286s] -- Up-to-date: /home/tom/ros2_ws/install/my_cpp_pkg/share/my_cpp_pkg/package.xml
[2.288s] Invoked command in '/home/tom/ros2_ws/build/my_cpp_pkg' returned '0': CMAKE_PREFIX_PATH=${CMAKE_PREFIX_PATH}:/home/tom/ros2_ws/install/my_py_pkg:/opt/ros/humble /usr/bin/cmake --install /home/tom/ros2_ws/build/my_cpp_pkg
