[0.020s] Invoking command in '/home/tom/ros2_ws/src/build/my_cpp_pkg': CMAKE_PREFIX_PATH=/home/tom/ros2_ws/install/my_py_pkg:/opt/ros/humble /usr/bin/cmake /home/tom/ros2_ws/src/my_cpp_pkg -DCMAKE_INSTALL_PREFIX=/home/tom/ros2_ws/src/install/my_cpp_pkg
[0.120s] -- The C compiler identification is GNU 11.3.0
[0.196s] -- The CXX compiler identification is GNU 11.3.0
[0.206s] -- Detecting C compiler ABI info
[0.263s] -- Detecting C compiler ABI info - done
[0.267s] -- Check for working C compiler: /usr/bin/cc - skipped
[0.268s] -- Detecting C compile features
[0.269s] -- Detecting C compile features - done
[0.271s] -- Detecting CXX compiler ABI info
[0.334s] -- Detecting CXX compiler ABI info - done
[0.340s] -- Check for working CXX compiler: /usr/bin/c++ - skipped
[0.340s] -- Detecting CXX compile features
[0.340s] -- Detecting CXX compile features - done
[0.347s] -- Found ament_cmake: 1.3.4 (/opt/ros/humble/share/ament_cmake/cmake)
[0.462s] -- Found Python3: /usr/bin/python3.10 (found version "3.10.6") found components: Interpreter 
[0.556s] -- Found rclcpp: 16.0.4 (/opt/ros/humble/share/rclcpp/cmake)
[0.607s] -- Found rosidl_generator_c: 3.1.4 (/opt/ros/humble/share/rosidl_generator_c/cmake)
[0.613s] -- Found rosidl_adapter: 3.1.4 (/opt/ros/humble/share/rosidl_adapter/cmake)
[0.621s] -- Found rosidl_generator_cpp: 3.1.4 (/opt/ros/humble/share/rosidl_generator_cpp/cmake)
[0.640s] -- Using all available rosidl_typesupport_c: rosidl_typesupport_fastrtps_c;rosidl_typesupport_introspection_c
[0.657s] -- Using all available rosidl_typesupport_cpp: rosidl_typesupport_fastrtps_cpp;rosidl_typesupport_introspection_cpp
[0.721s] -- Found rmw_implementation_cmake: 6.1.1 (/opt/ros/humble/share/rmw_implementation_cmake/cmake)
[0.724s] -- Found rmw_fastrtps_cpp: 6.2.2 (/opt/ros/humble/share/rmw_fastrtps_cpp/cmake)
[0.808s] -- Found OpenSSL: /usr/lib/aarch64-linux-gnu/libcrypto.so (found version "3.0.2")  
[0.829s] -- Found FastRTPS: /opt/ros/humble/include  
[0.863s] -- Using RMW implementation 'rmw_fastrtps_cpp' as default
[0.875s] -- Looking for pthread.h
[0.937s] -- Looking for pthread.h - found
[0.937s] -- Performing Test CMAKE_HAVE_LIBC_PTHREAD
[0.995s] -- Performing Test CMAKE_HAVE_LIBC_PTHREAD - Success
[0.995s] -- Found Threads: TRUE  
[1.139s] -- Found ament_lint_auto: 0.12.6 (/opt/ros/humble/share/ament_lint_auto/cmake)
[1.189s] -- Added test 'lint_cmake' to check CMake code style
[1.190s] -- Added test 'xmllint' to check XML markup files
[1.191s] -- Configuring done
[1.194s] -- Generating done
[1.196s] -- Build files have been written to: /home/tom/ros2_ws/src/build/my_cpp_pkg
[1.202s] Invoked command in '/home/tom/ros2_ws/src/build/my_cpp_pkg' returned '0': CMAKE_PREFIX_PATH=/home/tom/ros2_ws/install/my_py_pkg:/opt/ros/humble /usr/bin/cmake /home/tom/ros2_ws/src/my_cpp_pkg -DCMAKE_INSTALL_PREFIX=/home/tom/ros2_ws/src/install/my_cpp_pkg
[1.203s] Invoking command in '/home/tom/ros2_ws/src/build/my_cpp_pkg': CMAKE_PREFIX_PATH=/home/tom/ros2_ws/install/my_py_pkg:/opt/ros/humble /usr/bin/cmake --build /home/tom/ros2_ws/src/build/my_cpp_pkg -- -j4 -l4
[1.234s] Invoked command in '/home/tom/ros2_ws/src/build/my_cpp_pkg' returned '0': CMAKE_PREFIX_PATH=/home/tom/ros2_ws/install/my_py_pkg:/opt/ros/humble /usr/bin/cmake --build /home/tom/ros2_ws/src/build/my_cpp_pkg -- -j4 -l4
[1.260s] Invoking command in '/home/tom/ros2_ws/src/build/my_cpp_pkg': CMAKE_PREFIX_PATH=/home/tom/ros2_ws/install/my_py_pkg:/opt/ros/humble /usr/bin/cmake --install /home/tom/ros2_ws/src/build/my_cpp_pkg
[1.266s] -- Install configuration: ""
[1.266s] -- Installing: /home/tom/ros2_ws/src/install/my_cpp_pkg/share/ament_index/resource_index/package_run_dependencies/my_cpp_pkg
[1.266s] -- Installing: /home/tom/ros2_ws/src/install/my_cpp_pkg/share/ament_index/resource_index/parent_prefix_path/my_cpp_pkg
[1.266s] -- Installing: /home/tom/ros2_ws/src/install/my_cpp_pkg/share/my_cpp_pkg/environment/ament_prefix_path.sh
[1.267s] -- Installing: /home/tom/ros2_ws/src/install/my_cpp_pkg/share/my_cpp_pkg/environment/ament_prefix_path.dsv
[1.267s] -- Installing: /home/tom/ros2_ws/src/install/my_cpp_pkg/share/my_cpp_pkg/environment/path.sh
[1.267s] -- Installing: /home/tom/ros2_ws/src/install/my_cpp_pkg/share/my_cpp_pkg/environment/path.dsv
[1.267s] -- Installing: /home/tom/ros2_ws/src/install/my_cpp_pkg/share/my_cpp_pkg/local_setup.bash
[1.267s] -- Installing: /home/tom/ros2_ws/src/install/my_cpp_pkg/share/my_cpp_pkg/local_setup.sh
[1.267s] -- Installing: /home/tom/ros2_ws/src/install/my_cpp_pkg/share/my_cpp_pkg/local_setup.zsh
[1.267s] -- Installing: /home/tom/ros2_ws/src/install/my_cpp_pkg/share/my_cpp_pkg/local_setup.dsv
[1.267s] -- Installing: /home/tom/ros2_ws/src/install/my_cpp_pkg/share/my_cpp_pkg/package.dsv
[1.267s] -- Installing: /home/tom/ros2_ws/src/install/my_cpp_pkg/share/ament_index/resource_index/packages/my_cpp_pkg
[1.267s] -- Installing: /home/tom/ros2_ws/src/install/my_cpp_pkg/share/my_cpp_pkg/cmake/my_cpp_pkgConfig.cmake
[1.267s] -- Installing: /home/tom/ros2_ws/src/install/my_cpp_pkg/share/my_cpp_pkg/cmake/my_cpp_pkgConfig-version.cmake
[1.267s] -- Installing: /home/tom/ros2_ws/src/install/my_cpp_pkg/share/my_cpp_pkg/package.xml
[1.270s] Invoked command in '/home/tom/ros2_ws/src/build/my_cpp_pkg' returned '0': CMAKE_PREFIX_PATH=/home/tom/ros2_ws/install/my_py_pkg:/opt/ros/humble /usr/bin/cmake --install /home/tom/ros2_ws/src/build/my_cpp_pkg
