[0.315s] Invoking command in '/home/tom/ros2_ws/build/my_py_pkg': PYTHONPATH=/home/tom/ros2_ws/build/my_py_pkg/prefix_override:/home/tom/ros2_ws/install/my_py_pkg/lib/python3.10/site-packages:${PYTHONPATH} /usr/bin/python3 setup.py develop --editable --build-directory /home/tom/ros2_ws/build/my_py_pkg/build --no-deps install_data
[0.445s] running develop
[0.513s] running egg_info
[0.513s] writing my_py_pkg.egg-info/PKG-INFO
[0.513s] writing dependency_links to my_py_pkg.egg-info/dependency_links.txt
[0.513s] writing entry points to my_py_pkg.egg-info/entry_points.txt
[0.513s] writing requirements to my_py_pkg.egg-info/requires.txt
[0.513s] writing top-level names to my_py_pkg.egg-info/top_level.txt
[0.514s] reading manifest file 'my_py_pkg.egg-info/SOURCES.txt'
[0.515s] writing manifest file 'my_py_pkg.egg-info/SOURCES.txt'
[0.516s] running build_ext
[0.516s] Creating /home/tom/ros2_ws/install/my_py_pkg/lib/python3.10/site-packages/my-py-pkg.egg-link (link to .)
[0.516s] Installing add_two_ints_client script to /home/tom/ros2_ws/install/my_py_pkg/lib/my_py_pkg
[0.516s] Installing add_two_ints_client_no_oop script to /home/tom/ros2_ws/install/my_py_pkg/lib/my_py_pkg
[0.516s] Installing add_two_ints_server script to /home/tom/ros2_ws/install/my_py_pkg/lib/my_py_pkg
[0.516s] Installing number_counter script to /home/tom/ros2_ws/install/my_py_pkg/lib/my_py_pkg
[0.516s] Installing number_publisher script to /home/tom/ros2_ws/install/my_py_pkg/lib/my_py_pkg
[0.517s] Installing py_node script to /home/tom/ros2_ws/install/my_py_pkg/lib/my_py_pkg
[0.517s] Installing robot_news_station script to /home/tom/ros2_ws/install/my_py_pkg/lib/my_py_pkg
[0.517s] Installing smartphone script to /home/tom/ros2_ws/install/my_py_pkg/lib/my_py_pkg
[0.517s] 
[0.517s] Installed /home/tom/ros2_ws/build/my_py_pkg
[0.517s] running install_data
[0.535s] Invoked command in '/home/tom/ros2_ws/build/my_py_pkg' returned '0': PYTHONPATH=/home/tom/ros2_ws/build/my_py_pkg/prefix_override:/home/tom/ros2_ws/install/my_py_pkg/lib/python3.10/site-packages:${PYTHONPATH} /usr/bin/python3 setup.py develop --editable --build-directory /home/tom/ros2_ws/build/my_py_pkg/build --no-deps install_data
