[0.007s] Invoking command in '/home/tom/ros2_ws/build/my_cpp_pkg': CMAKE_PREFIX_PATH=/home/tom/ros2_ws/install/my_py_pkg:/opt/ros/humble /usr/bin/cmake --build /home/tom/ros2_ws/build/my_cpp_pkg -- -j4 -l4
[0.042s] -- Found ament_cmake: 1.3.4 (/opt/ros/humble/share/ament_cmake/cmake)
[0.137s] -- Found rclcpp: 16.0.4 (/opt/ros/humble/share/rclcpp/cmake)
[0.157s] -- Found rosidl_generator_c: 3.1.4 (/opt/ros/humble/share/rosidl_generator_c/cmake)
[0.159s] -- Found rosidl_adapter: 3.1.4 (/opt/ros/humble/share/rosidl_adapter/cmake)
[0.162s] -- Found rosidl_generator_cpp: 3.1.4 (/opt/ros/humble/share/rosidl_generator_cpp/cmake)
[0.170s] -- Using all available rosidl_typesupport_c: rosidl_typesupport_fastrtps_c;rosidl_typesupport_introspection_c
[0.180s] -- Using all available rosidl_typesupport_cpp: rosidl_typesupport_fastrtps_cpp;rosidl_typesupport_introspection_cpp
[0.223s] -- Found rmw_implementation_cmake: 6.1.1 (/opt/ros/humble/share/rmw_implementation_cmake/cmake)
[0.224s] -- Found rmw_fastrtps_cpp: 6.2.2 (/opt/ros/humble/share/rmw_fastrtps_cpp/cmake)
[0.308s] -- Using RMW implementation 'rmw_fastrtps_cpp' as default
[0.474s] -- Configuring done
[0.483s] -- Generating done
[0.484s] -- Build files have been written to: /home/tom/ros2_ws/build/my_cpp_pkg
[0.514s] [ 50%] [32mBuilding CXX object CMakeFiles/cpp_node.dir/src/my_first_node.cpp.o[0m
[2.332s] [100%] [32m[1mLinking CXX executable cpp_node[0m
[2.430s] [100%] Built target cpp_node
[2.441s] Invoked command in '/home/tom/ros2_ws/build/my_cpp_pkg' returned '0': CMAKE_PREFIX_PATH=/home/tom/ros2_ws/install/my_py_pkg:/opt/ros/humble /usr/bin/cmake --build /home/tom/ros2_ws/build/my_cpp_pkg -- -j4 -l4
[2.473s] Invoking command in '/home/tom/ros2_ws/build/my_cpp_pkg': CMAKE_PREFIX_PATH=/home/tom/ros2_ws/install/my_py_pkg:/opt/ros/humble /usr/bin/cmake --install /home/tom/ros2_ws/build/my_cpp_pkg
[2.479s] -- Install configuration: ""
[2.479s] -- Installing: /home/tom/ros2_ws/install/my_cpp_pkg/lib/my_cpp_pkg/cpp_node
[2.480s] -- Set runtime path of "/home/tom/ros2_ws/install/my_cpp_pkg/lib/my_cpp_pkg/cpp_node" to ""
[2.480s] -- Installing: /home/tom/ros2_ws/install/my_cpp_pkg/share/ament_index/resource_index/package_run_dependencies/my_cpp_pkg
[2.480s] -- Installing: /home/tom/ros2_ws/install/my_cpp_pkg/share/ament_index/resource_index/parent_prefix_path/my_cpp_pkg
[2.480s] -- Installing: /home/tom/ros2_ws/install/my_cpp_pkg/share/my_cpp_pkg/environment/ament_prefix_path.sh
[2.480s] -- Installing: /home/tom/ros2_ws/install/my_cpp_pkg/share/my_cpp_pkg/environment/ament_prefix_path.dsv
[2.480s] -- Installing: /home/tom/ros2_ws/install/my_cpp_pkg/share/my_cpp_pkg/environment/path.sh
[2.480s] -- Installing: /home/tom/ros2_ws/install/my_cpp_pkg/share/my_cpp_pkg/environment/path.dsv
[2.481s] -- Installing: /home/tom/ros2_ws/install/my_cpp_pkg/share/my_cpp_pkg/local_setup.bash
[2.481s] -- Installing: /home/tom/ros2_ws/install/my_cpp_pkg/share/my_cpp_pkg/local_setup.sh
[2.481s] -- Installing: /home/tom/ros2_ws/install/my_cpp_pkg/share/my_cpp_pkg/local_setup.zsh
[2.481s] -- Installing: /home/tom/ros2_ws/install/my_cpp_pkg/share/my_cpp_pkg/local_setup.dsv
[2.481s] -- Installing: /home/tom/ros2_ws/install/my_cpp_pkg/share/my_cpp_pkg/package.dsv
[2.481s] -- Installing: /home/tom/ros2_ws/install/my_cpp_pkg/share/ament_index/resource_index/packages/my_cpp_pkg
[2.481s] -- Installing: /home/tom/ros2_ws/install/my_cpp_pkg/share/my_cpp_pkg/cmake/my_cpp_pkgConfig.cmake
[2.481s] -- Installing: /home/tom/ros2_ws/install/my_cpp_pkg/share/my_cpp_pkg/cmake/my_cpp_pkgConfig-version.cmake
[2.481s] -- Installing: /home/tom/ros2_ws/install/my_cpp_pkg/share/my_cpp_pkg/package.xml
[2.483s] Invoked command in '/home/tom/ros2_ws/build/my_cpp_pkg' returned '0': CMAKE_PREFIX_PATH=/home/tom/ros2_ws/install/my_py_pkg:/opt/ros/humble /usr/bin/cmake --install /home/tom/ros2_ws/build/my_cpp_pkg
