[0.372s] Invoking command in '/home/tom/ros2_ws/build/my_py_pkg': PYTHONPATH=/home/tom/ros2_ws/build/my_py_pkg/prefix_override:/home/tom/ros2_ws/install/my_py_pkg/lib/python3.10/site-packages:${PYTHONPATH} /usr/bin/python3 setup.py develop --editable --build-directory /home/tom/ros2_ws/build/my_py_pkg/build --no-deps install_data
[0.501s] running develop
[0.575s] running egg_info
[0.575s] writing my_py_pkg.egg-info/PKG-INFO
[0.576s] writing dependency_links to my_py_pkg.egg-info/dependency_links.txt
[0.576s] writing entry points to my_py_pkg.egg-info/entry_points.txt
[0.576s] writing requirements to my_py_pkg.egg-info/requires.txt
[0.576s] writing top-level names to my_py_pkg.egg-info/top_level.txt
[0.577s] reading manifest file 'my_py_pkg.egg-info/SOURCES.txt'
[0.578s] writing manifest file 'my_py_pkg.egg-info/SOURCES.txt'
[0.579s] running build_ext
[0.579s] Creating /home/tom/ros2_ws/install/my_py_pkg/lib/python3.10/site-packages/my-py-pkg.egg-link (link to .)
[0.579s] Installing add_two_ints_client script to /home/tom/ros2_ws/install/my_py_pkg/lib/my_py_pkg
[0.579s] Installing add_two_ints_client_no_oop script to /home/tom/ros2_ws/install/my_py_pkg/lib/my_py_pkg
[0.579s] Installing add_two_ints_server script to /home/tom/ros2_ws/install/my_py_pkg/lib/my_py_pkg
[0.579s] Installing battery script to /home/tom/ros2_ws/install/my_py_pkg/lib/my_py_pkg
[0.579s] Installing hw_status_publisher script to /home/tom/ros2_ws/install/my_py_pkg/lib/my_py_pkg
[0.579s] Installing led_panel script to /home/tom/ros2_ws/install/my_py_pkg/lib/my_py_pkg
[0.580s] Installing number_counter script to /home/tom/ros2_ws/install/my_py_pkg/lib/my_py_pkg
[0.580s] Installing number_publisher script to /home/tom/ros2_ws/install/my_py_pkg/lib/my_py_pkg
[0.580s] Installing py_node script to /home/tom/ros2_ws/install/my_py_pkg/lib/my_py_pkg
[0.580s] Installing robot_news_station script to /home/tom/ros2_ws/install/my_py_pkg/lib/my_py_pkg
[0.580s] Installing smartphone script to /home/tom/ros2_ws/install/my_py_pkg/lib/my_py_pkg
[0.580s] 
[0.580s] Installed /home/tom/ros2_ws/build/my_py_pkg
[0.580s] running install_data
[0.595s] Invoked command in '/home/tom/ros2_ws/build/my_py_pkg' returned '0': PYTHONPATH=/home/tom/ros2_ws/build/my_py_pkg/prefix_override:/home/tom/ros2_ws/install/my_py_pkg/lib/python3.10/site-packages:${PYTHONPATH} /usr/bin/python3 setup.py develop --editable --build-directory /home/tom/ros2_ws/build/my_py_pkg/build --no-deps install_data
